2021-08-20 12:10:02.321 [main][6130] INFO  automation_test.CalculateMonthlyPayment - Browser is successfully initiated with the URL:https://www.mortgagecalculator.org/
2021-08-20 12:10:02.637 [main][6446] DEBUG page_objects.NavigationBar - Entered Home price is:300000
2021-08-20 12:10:02.958 [main][6767] DEBUG page_objects.NavigationBar - Entered down payment is:60000
2021-08-20 12:10:03.363 [main][7172] DEBUG page_objects.NavigationBar - Click on the Down Payment in Dollar
2021-08-20 12:10:03.512 [main][7321] DEBUG page_objects.NavigationBar - Entered loan amount is:240000
2021-08-20 12:10:03.800 [main][7609] DEBUG page_objects.NavigationBar - Entered interest rate is:3
2021-08-20 12:10:08.477 [main][12286] INFO  automation_test.CalculateMonthlyPayment - Browser successfully close
2021-08-20 12:10:11.431 [main][15240] INFO  automation_test.CalculateRealApr - Browser is successfully initiated with the URL:https://www.mortgagecalculator.org/
2021-08-20 12:10:17.350 [main][21159] INFO  automation_test.CalculateRealApr - Browser close successfully
2021-08-20 12:10:17.377 [main][21186] INFO  api_test.GetTestWithPathVariable - ------------End Test:Attempt to retrieve User with Invalid Id
2021-08-20 12:10:19.742 [main][23551] DEBUG api_test.GetTestWithPathVariable - {
    
}
2021-08-20 12:10:19.886 [main][23695] INFO  api_test.GetTestWithPathVariable - ------------End Test:Attempt to retrieve User with Invalid Id
2021-08-20 12:10:19.895 [main][23704] INFO  api_test.GetTestWithPathVariable - -------API Test:Read(GET) Single User with Path variable
2021-08-20 12:10:20.023 [main][23832] DEBUG api_test.GetTestWithPathVariable - {
    "data": {
        "id": 2,
        "email": "janet.weaver@reqres.in",
        "first_name": "Janet",
        "last_name": "Weaver",
        "avatar": "https://reqres.in/img/faces/2-image.jpg"
    },
    "support": {
        "url": "https://reqres.in/#support-heading",
        "text": "To keep ReqRes free, contributions towards server costs are appreciated!"
    }
}
2021-08-20 12:10:20.625 [main][24434] INFO  api_test.GetTestWithPathVariable - ------------End Test:Read(GET) Single User with Path Variable
2021-08-20 12:10:20.633 [main][24442] INFO  api_test.GetTestWithQueryParameter - -------API Test:Read(GET) ALL Users with Query Parameter
2021-08-20 12:10:20.724 [main][24533] DEBUG api_test.GetTestWithQueryParameter - {
    "page": 2,
    "per_page": 6,
    "total": 12,
    "total_pages": 2,
    "data": [
        {
            "id": 7,
            "email": "michael.lawson@reqres.in",
            "first_name": "Michael",
            "last_name": "Lawson",
            "avatar": "https://reqres.in/img/faces/7-image.jpg"
        },
        {
            "id": 8,
            "email": "lindsay.ferguson@reqres.in",
            "first_name": "Lindsay",
            "last_name": "Ferguson",
            "avatar": "https://reqres.in/img/faces/8-image.jpg"
        },
        {
            "id": 9,
            "email": "tobias.funke@reqres.in",
            "first_name": "Tobias",
            "last_name": "Funke",
            "avatar": "https://reqres.in/img/faces/9-image.jpg"
        },
        {
            "id": 10,
            "email": "byron.fields@reqres.in",
            "first_name": "Byron",
            "last_name": "Fields",
            "avatar": "https://reqres.in/img/faces/10-image.jpg"
        },
        {
            "id": 11,
            "email": "george.edwards@reqres.in",
            "first_name": "George",
            "last_name": "Edwards",
            "avatar": "https://reqres.in/img/faces/11-image.jpg"
        },
        {
            "id": 12,
            "email": "rachel.howell@reqres.in",
            "first_name": "Rachel",
            "last_name": "Howell",
            "avatar": "https://reqres.in/img/faces/12-image.jpg"
        }
    ],
    "support": {
        "url": "https://reqres.in/#support-heading",
        "text": "To keep ReqRes free, contributions towards server costs are appreciated!"
    }
}
2021-08-20 12:10:20.749 [main][24558] INFO  api_test.GetTestWithQueryParameter - ------------End Test:Read(GET) All Users with query parameter
2021-08-20 12:10:20.755 [main][24564] INFO  api_test.SimpleDeleteTest - -------API Test:Delete single user
2021-08-20 12:10:21.087 [main][24896] DEBUG api_test.SimpleDeleteTest - 
2021-08-20 12:10:21.087 [main][24896] INFO  api_test.SimpleDeleteTest - ------------End Test:Delete single user
2021-08-20 12:10:21.091 [main][24900] INFO  api_test.SimpleGetTest - -------API Test:Read(GET) ALL Users
2021-08-20 12:10:21.168 [main][24977] DEBUG api_test.SimpleGetTest - {
    "page": 1,
    "per_page": 6,
    "total": 12,
    "total_pages": 2,
    "data": [
        {
            "id": 1,
            "email": "george.bluth@reqres.in",
            "first_name": "George",
            "last_name": "Bluth",
            "avatar": "https://reqres.in/img/faces/1-image.jpg"
        },
        {
            "id": 2,
            "email": "janet.weaver@reqres.in",
            "first_name": "Janet",
            "last_name": "Weaver",
            "avatar": "https://reqres.in/img/faces/2-image.jpg"
        },
        {
            "id": 3,
            "email": "emma.wong@reqres.in",
            "first_name": "Emma",
            "last_name": "Wong",
            "avatar": "https://reqres.in/img/faces/3-image.jpg"
        },
        {
            "id": 4,
            "email": "eve.holt@reqres.in",
            "first_name": "Eve",
            "last_name": "Holt",
            "avatar": "https://reqres.in/img/faces/4-image.jpg"
        },
        {
            "id": 5,
            "email": "charles.morris@reqres.in",
            "first_name": "Charles",
            "last_name": "Morris",
            "avatar": "https://reqres.in/img/faces/5-image.jpg"
        },
        {
            "id": 6,
            "email": "tracey.ramos@reqres.in",
            "first_name": "Tracey",
            "last_name": "Ramos",
            "avatar": "https://reqres.in/img/faces/6-image.jpg"
        }
    ],
    "support": {
        "url": "https://reqres.in/#support-heading",
        "text": "To keep ReqRes free, contributions towards server costs are appreciated!"
    }
}
2021-08-20 12:10:21.189 [main][24998] INFO  api_test.SimpleGetTest - ------------End Test:Read(GET) All Users
2021-08-20 12:10:21.195 [main][25004] INFO  api_test.SimplePatchTest - ------------API Test: Update(Patch) User's single field
2021-08-20 12:10:21.347 [main][25156] DEBUG api_test.SimplePatchTest - User job: Officer
2021-08-20 12:10:21.704 [main][25513] DEBUG api_test.SimplePatchTest - {
    "job": "Officer",
    "updatedAt": "2021-08-20T16:10:21.612Z"
}
2021-08-20 12:10:21.762 [main][25571] INFO  api_test.SimplePatchTest - ------------End Test: Update(Patch) user's single field
2021-08-20 12:10:21.770 [main][25579] INFO  api_test.SimplePostTest - ------------API Test: Create a new user 
2021-08-20 12:10:21.954 [main][25763] DEBUG api_test.SimplePostTest - New user name: Mrs. Tish Collier
2021-08-20 12:10:21.957 [main][25766] DEBUG api_test.SimplePostTest - User job: Manager
2021-08-20 12:10:22.214 [main][26023] DEBUG api_test.SimplePostTest - {
    "name": "Mrs. Tish Collier",
    "job": "Manager",
    "id": "718",
    "createdAt": "2021-08-20T16:10:22.179Z"
}
2021-08-20 12:10:22.223 [main][26032] INFO  api_test.SimplePostTest - ------------End Test: Create a new user 
2021-08-20 12:10:22.228 [main][26037] INFO  api_test.SimplePutTest - ------------API Test: Update(PUT) User fields
2021-08-20 12:10:22.246 [main][26055] DEBUG api_test.SimplePutTest - New user name: Suzi Beer
2021-08-20 12:10:22.254 [main][26063] DEBUG api_test.SimplePutTest - User job: Orchestrator
2021-08-20 12:10:22.527 [main][26336] DEBUG api_test.SimplePutTest - {
    "name": "Suzi Beer",
    "job": "Orchestrator",
    "updatedAt": "2021-08-20T16:10:22.479Z"
}
2021-08-20 12:10:22.549 [main][26358] INFO  api_test.SimplePutTest - ------------End Test: Update(PUT) user fields
